<?xml version="1.0" encoding="UTF-8"?>
<!-- Generated by org.testng.reporters.JUnitReportReporter -->
<testsuite ignored="1" hostname="INLEN8520087474" failures="0" tests="1" name="com.app.tests.AppTests" time="58.510" errors="0" timestamp="09 Jan 2023 13:13:57 GMT" skipped="0">
  <testcase classname="com.app.tests.AppTests" name="verifyCart" time="58.510"/>
  <testcase classname="com.app.tests.AppTests" name="verifyLoginPage">
    <skipped/>
  </testcase> <!-- verifyLoginPage -->
</testsuite> <!-- com.app.tests.AppTests -->
